2026-06-30 14:25:40,379 INFO router.engine Routing started candidates=['aws-node', 'local-node']
2026-06-30 14:25:40,380 INFO router.engine Node scores: [('aws-node', 84.0), ('local-node', 96.0)]
2026-06-30 14:25:40,383 INFO router.engine Routing started candidates=['aws-node']
2026-06-30 14:25:40,383 INFO router.engine Node scores: [('aws-node', 31.5)]
2026-06-30 14:25:40,383 WARNING router.engine No healthy candidate met score threshold
2026-06-30 14:25:40,388 INFO router.engine Routing started candidates=['aws-node']
2026-06-30 14:25:40,388 INFO router.engine Node scores: [('aws-node', 96.0)]
2026-06-30 14:26:33,585 INFO router.engine Routing started candidates=['aws-node', 'local-node']
2026-06-30 14:26:33,586 INFO router.engine Node scores: [('aws-node', 84.0), ('local-node', 96.0)]
2026-06-30 14:26:33,589 INFO router.engine Routing started candidates=['aws-node']
2026-06-30 14:26:33,589 INFO router.engine Node scores: [('aws-node', 31.5)]
2026-06-30 14:26:33,589 WARNING router.engine No healthy candidate met score threshold
2026-06-30 14:26:33,594 INFO router.engine Routing started candidates=['aws-node']
2026-06-30 14:26:33,594 INFO router.engine Node scores: [('aws-node', 96.0)]
2026-06-30 14:26:33,620 INFO router.engine Routing started candidates=['aws-node']
2026-06-30 14:26:33,621 INFO router.engine Node scores: [('aws-node', 74.0)]
2026-06-30 14:27:04,198 INFO router.engine Routing started candidates=['aws-node', 'local-node']
2026-06-30 14:27:04,199 INFO router.engine Node scores: [('aws-node', 84.0), ('local-node', 96.0)]
2026-06-30 14:27:04,202 INFO router.engine Routing started candidates=['aws-node']
2026-06-30 14:27:04,202 INFO router.engine Node scores: [('aws-node', 31.5)]
2026-06-30 14:27:04,203 WARNING router.engine No healthy candidate met score threshold
2026-06-30 14:27:04,208 INFO router.engine Routing started candidates=['aws-node']
2026-06-30 14:27:04,208 INFO router.engine Node scores: [('aws-node', 96.0)]
2026-06-30 14:27:04,234 INFO router.engine Routing started candidates=['aws-node']
2026-06-30 14:27:04,234 INFO router.engine Node scores: [('aws-node', 74.0)]
2026-06-30 14:27:04,234 WARNING router.engine No healthy candidate met score threshold
2026-06-30 14:27:29,747 INFO router.engine Routing started candidates=['aws-node', 'local-node']
2026-06-30 14:27:29,747 INFO router.engine Node scores: [('aws-node', 84.0), ('local-node', 96.0)]
2026-06-30 14:27:29,751 INFO router.engine Routing started candidates=['aws-node']
2026-06-30 14:27:29,751 INFO router.engine Node scores: [('aws-node', 31.5)]
2026-06-30 14:27:29,752 WARNING router.engine No healthy candidate met score threshold
2026-06-30 14:27:29,756 INFO router.engine Routing started candidates=['aws-node']
2026-06-30 14:27:29,757 INFO router.engine Node scores: [('aws-node', 96.0)]
2026-06-30 14:27:29,785 INFO router.engine Routing started candidates=['aws-node']
2026-06-30 14:27:29,786 INFO router.engine Node scores: [('aws-node', 74.0)]
2026-06-30 14:27:29,786 WARNING router.engine No healthy candidate met score threshold
2026-06-30 14:28:43,496 INFO router.engine Routing started candidates=['aws-node', 'local-node']
2026-06-30 14:28:43,496 INFO router.engine Node scores: [('aws-node', 84.0), ('local-node', 96.0)]
2026-06-30 14:28:43,500 INFO router.engine Routing started candidates=['aws-node']
2026-06-30 14:28:43,500 INFO router.engine Node scores: [('aws-node', 31.5)]
2026-06-30 14:28:43,500 WARNING router.engine No healthy candidate met score threshold
2026-06-30 14:28:43,505 INFO router.engine Routing started candidates=['aws-node']
2026-06-30 14:28:43,505 INFO router.engine Node scores: [('aws-node', 96.0)]
2026-06-30 14:28:43,536 INFO router.engine Routing started candidates=['aws-node']
2026-06-30 14:28:43,536 INFO router.engine Node scores: [('aws-node', 84.0)]
2026-06-30 14:28:51,146 INFO router.engine Routing started candidates=['aws-node', 'local-node']
2026-06-30 14:28:51,147 INFO router.engine Node scores: [('aws-node', 84.0), ('local-node', 96.0)]
2026-06-30 14:28:51,149 INFO router.engine Routing started candidates=['aws-node']
2026-06-30 14:28:51,150 INFO router.engine Node scores: [('aws-node', 31.5)]
2026-06-30 14:28:51,150 WARNING router.engine No healthy candidate met score threshold
2026-06-30 14:28:51,155 INFO router.engine Routing started candidates=['aws-node']
2026-06-30 14:28:51,155 INFO router.engine Node scores: [('aws-node', 96.0)]
2026-06-30 14:28:51,186 INFO router.engine Routing started candidates=['aws-node']
2026-06-30 14:28:51,186 INFO router.engine Node scores: [('aws-node', 84.0)]
2026-06-30 15:41:22,239 INFO router.engine Routing started candidates=['aws-node']
2026-06-30 15:41:22,239 INFO router.engine Node scores: [('aws-node', 84.0)]
2026-06-30 15:41:22,267 INFO router.engine Routing started candidates=['aws-node']
2026-06-30 15:41:22,267 INFO router.engine Node scores: [('aws-node', 84.0)]
2026-06-30 15:41:35,126 INFO router.engine Routing started candidates=['aws-node']
2026-06-30 15:41:35,126 INFO router.engine Node scores: [('aws-node', 84.0)]
2026-06-30 15:41:35,159 INFO router.engine Routing started candidates=['aws-node']
2026-06-30 15:41:35,159 INFO router.engine Node scores: [('aws-node', 84.0)]
2026-06-30 15:41:43,554 INFO router.engine Routing started candidates=['aws-node', 'local-node']
2026-06-30 15:41:43,555 INFO router.engine Node scores: [('aws-node', 84.0), ('local-node', 96.0)]
2026-06-30 15:41:43,557 INFO router.engine Routing started candidates=['aws-node']
2026-06-30 15:41:43,558 INFO router.engine Node scores: [('aws-node', 31.5)]
2026-06-30 15:41:43,558 WARNING router.engine No healthy candidate met score threshold
2026-06-30 15:41:43,563 INFO router.engine Routing started candidates=['aws-node']
2026-06-30 15:41:43,563 INFO router.engine Node scores: [('aws-node', 96.0)]
2026-06-30 15:41:43,588 INFO router.engine Routing started candidates=['aws-node']
2026-06-30 15:41:43,588 INFO router.engine Node scores: [('aws-node', 84.0)]
2026-06-30 15:41:43,614 INFO router.engine Routing started candidates=['aws-node']
2026-06-30 15:41:43,614 INFO router.engine Node scores: [('aws-node', 84.0)]
